<?xml version="1.0" encoding="UTF-8"?>
<!-- Generated by org.testng.reporters.JUnitReportReporter -->
<testsuite skipped="0" hostname="DESKTOP-PQ44S74" name="GroupProjectAleG" tests="1" failures="0" timestamp="26 Jun 2018 18:31:14 GMT" time="36.265" errors="0">
  <testcase name="verifyingPage" time="36.265" classname="GroupProjectAleG"/>
</testsuite> <!-- GroupProjectAleG -->
